<?xml version="1.0" encoding="UTF-8"?>
<testng-results skipped="0" failed="0" total="2" passed="2">
  <reporter-output>
  </reporter-output>
  <suite name="Suite" duration-ms="0" started-at="2016-03-04T08:01:53Z" finished-at="2016-03-04T08:01:53Z">
    <groups>
    </groups>
    <test name="Test" duration-ms="0" started-at="2016-03-04T08:01:53Z" finished-at="2016-03-04T08:01:53Z">
      <class name="seleniumTest.CNN">
        <test-method status="PASS" signature="CNNWeb()[pri:0, instance:seleniumTest.CNN@5d3411d]" name="CNNWeb" duration-ms="0" started-at="2016-03-04T03:01:53Z" finished-at="2016-03-04T03:01:53Z">
          <reporter-output>
          </reporter-output>
        </test-method> <!-- CNNWeb -->
      </class> <!-- seleniumTest.CNN -->
    </test> <!-- Test -->
  </suite> <!-- Suite -->
  <suite name="DemoXMLFilecreation" duration-ms="29" started-at="2016-03-04T08:01:53Z" finished-at="2016-03-04T08:01:53Z">
    <groups>
    </groups>
    <test name="demoxml" duration-ms="29" started-at="2016-03-04T08:01:53Z" finished-at="2016-03-04T08:01:53Z">
      <class name="seleniumTest.CNN">
        <test-method status="PASS" signature="CNNWeb()[pri:0, instance:seleniumTest.CNN@27082746]" name="CNNWeb" duration-ms="8" started-at="2016-03-04T03:01:53Z" finished-at="2016-03-04T03:01:53Z">
          <reporter-output>
          </reporter-output>
        </test-method> <!-- CNNWeb -->
      </class> <!-- seleniumTest.CNN -->
    </test> <!-- demoxml -->
  </suite> <!-- DemoXMLFilecreation -->
</testng-results>
